Using pre-set license
Built from '2020.3/staging' branch; Version is '2020.3.14f1 (d0d1bb862f9d) revision 13685179'; Using compiler version '192528614'; Build Type 'Release'
OS: 'Windows 10 Pro; OS build 19042.1466; Version 2009; 64bit' Language: 'es' Physical Memory: 48993 MB
BatchMode: 1, IsHumanControllingUs: 0, StartBugReporterOnCrash: 0, Is64bit: 1, IsPro: 0

 COMMAND LINE ARGUMENTS:
C:\Program Files\Unity\Hub\Editor\2020.3.14f1\Editor\Unity.exe
-adb2
-batchMode
-noUpm
-name
AssetImportWorker0
-projectPath
G:/CTS/ANIMACION/PrimerCurso/Programacion/Repository_SuperMario/EscenarioMario
-logFile
Logs/AssetImportWorker0.log
-srvPort
53510
Successfully changed project path to: G:/CTS/ANIMACION/PrimerCurso/Programacion/Repository_SuperMario/EscenarioMario
G:/CTS/ANIMACION/PrimerCurso/Programacion/Repository_SuperMario/EscenarioMario
Using Asset Import Pipeline V2.
Refreshing native plugins compatible for Editor in 22.80 ms, found 2 plugins.
Preloading 0 native plugins for Editor in 0.00 ms.
Initialize engine version: 2020.3.14f1 (d0d1bb862f9d)
[Subsystems] Discovering subsystems at path C:/Program Files/Unity/Hub/Editor/2020.3.14f1/Editor/Data/Resources/UnitySubsystems
[Subsystems] Discovering subsystems at path G:/CTS/ANIMACION/PrimerCurso/Programacion/Repository_SuperMario/EscenarioMario/Assets
GfxDevice: creating device client; threaded=0
Direct3D:
    Version:  Direct3D 11.0 [level 11.1]
    Renderer: NVIDIA GeForce RTX 2070 (ID=0x1f02)
    Vendor:   
    VRAM:     8031 MB
    Driver:   30.0.14.9649
Initialize mono
Mono path[0] = 'C:/Program Files/Unity/Hub/Editor/2020.3.14f1/Editor/Data/Managed'
Mono path[1] = 'C:/Program Files/Unity/Hub/Editor/2020.3.14f1/Editor/Data/MonoBleedingEdge/lib/mono/unityjit'
Mono config path = 'C:/Program Files/Unity/Hub/Editor/2020.3.14f1/Editor/Data/MonoBleedingEdge/etc'
Using monoOptions --debugger-agent=transport=dt_socket,embedding=1,server=y,suspend=n,address=127.0.0.1:56336
Begin MonoManager ReloadAssembly
Registering precompiled unity dll's ...
Register platform support module: C:/Program Files/Unity/Hub/Editor/2020.3.14f1/Editor/Data/PlaybackEngines/WindowsStandaloneSupport/UnityEditor.WindowsStandalone.Extensions.dll
Registered in 0.001605 seconds.
Native extension for WindowsStandalone target not found
Refreshing native plugins compatible for Editor in 22.22 ms, found 2 plugins.
Preloading 0 native plugins for Editor in 0.00 ms.
Mono: successfully reloaded assembly
- Completed reload, in  0.844 seconds
Domain Reload Profiling:
	ReloadAssembly (844ms)
		BeginReloadAssembly (48ms)
			ExecutionOrderSort (0ms)
			DisableScriptedObjects (0ms)
			BackupInstance (0ms)
			ReleaseScriptingObjects (0ms)
			CreateAndSetChildDomain (1ms)
		EndReloadAssembly (349ms)
			LoadAssemblies (46ms)
			RebuildTransferFunctionScriptingTraits (0ms)
			SetupTypeCache (132ms)
			ReleaseScriptCaches (0ms)
			RebuildScriptCaches (29ms)
			SetupLoadedEditorAssemblies (126ms)
				LogAssemblyErrors (0ms)
				InitializePlatformSupportModulesInManaged (3ms)
				SetLoadedEditorAssemblies (0ms)
				RefreshPlugins (22ms)
				BeforeProcessingInitializeOnLoad (6ms)
				ProcessInitializeOnLoadAttributes (71ms)
				ProcessInitializeOnLoadMethodAttributes (24ms)
				AfterProcessingInitializeOnLoad (0ms)
				EditorAssembliesLoaded (0ms)
			ExecutionOrderSort2 (0ms)
			AwakeInstancesAfterBackupRestoration (0ms)
Platform modules already initialized, skipping
Registering precompiled user dll's ...
Registered in 0.003152 seconds.
Begin MonoManager ReloadAssembly
Native extension for WindowsStandalone target not found
Refreshing native plugins compatible for Editor in 0.25 ms, found 2 plugins.
Preloading 0 native plugins for Editor in 0.00 ms.
Mono: successfully reloaded assembly
- Completed reload, in  0.859 seconds
Domain Reload Profiling:
	ReloadAssembly (859ms)
		BeginReloadAssembly (124ms)
			ExecutionOrderSort (0ms)
			DisableScriptedObjects (4ms)
			BackupInstance (0ms)
			ReleaseScriptingObjects (0ms)
			CreateAndSetChildDomain (16ms)
		EndReloadAssembly (682ms)
			LoadAssemblies (71ms)
			RebuildTransferFunctionScriptingTraits (0ms)
			SetupTypeCache (235ms)
			ReleaseScriptCaches (0ms)
			RebuildScriptCaches (37ms)
			SetupLoadedEditorAssemblies (257ms)
				LogAssemblyErrors (0ms)
				InitializePlatformSupportModulesInManaged (4ms)
				SetLoadedEditorAssemblies (0ms)
				RefreshPlugins (0ms)
				BeforeProcessingInitializeOnLoad (45ms)
				ProcessInitializeOnLoadAttributes (198ms)
				ProcessInitializeOnLoadMethodAttributes (4ms)
				AfterProcessingInitializeOnLoad (5ms)
				EditorAssembliesLoaded (0ms)
			ExecutionOrderSort2 (0ms)
			AwakeInstancesAfterBackupRestoration (7ms)
Platform modules already initialized, skipping
========================================================================
Worker process is ready to serve import requests
Launched and connected shader compiler UnityShaderCompiler.exe after 0.04 seconds
Refreshing native plugins compatible for Editor in 0.30 ms, found 2 plugins.
Preloading 0 native plugins for Editor in 0.00 ms.
Unloading 1427 Unused Serialized files (Serialized files now loaded: 0)
System memory in use before: 66.2 MB.
System memory in use after: 66.3 MB.

Unloading 18 unused Assets to reduce memory usage. Loaded Objects now: 1861.
Total: 1.808100 ms (FindLiveObjects: 0.142900 ms CreateObjectMapping: 0.036600 ms MarkObjects: 1.577900 ms  DeleteObjects: 0.049900 ms)

AssetImportParameters requested are different than current active one (requested -> active):
  custom:framework-win-MediaFoundation: 216162199b28c13a410421893ffa2e32 -> 
  custom:video-decoder-ogg-theora: a1e56fd34408186e4bbccfd4996cb3dc -> 
  custom:container-muxer-webm: aa71ff27fc2769a1b78a27578f13a17b -> 
  custom:container-demuxer-webm: 4f35f7cbe854078d1ac9338744f61a02 -> 
  custom:container-demuxer-ogg: 62fdf1f143b41e24485cea50d1cbac27 -> 
  custom:video-encoder-webm-vp8: eb34c28f22e8b96e1ab97ce403110664 -> 
  custom:video-decoder-webm-vp8: 9c59270c3fd7afecdb556c50c9e8de78 -> 
  custom:audio-decoder-ogg-vorbis: bf7c407c2cedff20999df2af8eb42d56 -> 
  custom:audio-encoder-webm-vorbis: bf7c407c2cedff20999df2af8eb42d56 -> 
========================================================================
Received Import Request.
  path: Assets/Scenes/SampleScene.unity
  artifactKey: Guid(002c8887fb48ba14aae46b037c6822d9) Importer(815301076,1909f56bfc062723c751e8b465ee728b)
Start importing Assets/Scenes/SampleScene.unity using Guid(002c8887fb48ba14aae46b037c6822d9) Importer(815301076,1909f56bfc062723c751e8b465ee728b)  -> (artifact id: '53427438f286ced75189adde47d7c427') in 0.013732 seconds 
  Import took 0.015624 seconds .

========================================================================
Received Import Request.
  Time since last request: 67.364574 seconds.
  path: Assets/Sprites/Banderas.png
  artifactKey: Guid(46cdc8b8e14e6d943af1621ccc825cf0) Importer(815301076,1909f56bfc062723c751e8b465ee728b)
Start importing Assets/Sprites/Banderas.png using Guid(46cdc8b8e14e6d943af1621ccc825cf0) Importer(815301076,1909f56bfc062723c751e8b465ee728b)  -> (artifact id: '421ad2302fe455295b09c8a38c532d37') in 0.190342 seconds 
  Import took 0.193616 seconds .

========================================================================
Received Import Request.
  Time since last request: 0.000247 seconds.
  path: Assets/Sprites/Hierbas.png
  artifactKey: Guid(e60cab157b580a044ae4cef69944e9b6) Importer(815301076,1909f56bfc062723c751e8b465ee728b)
Start importing Assets/Sprites/Hierbas.png using Guid(e60cab157b580a044ae4cef69944e9b6) Importer(815301076,1909f56bfc062723c751e8b465ee728b)  -> (artifact id: '55ce6b5ae5094557ae5893faec719caf') in 0.057413 seconds 
  Import took 0.059777 seconds .

========================================================================
Received Import Request.
  Time since last request: 0.000186 seconds.
  path: Assets/Sprites/Goombas.png
  artifactKey: Guid(4f20995a42a21a54693c7a5cb5480220) Importer(815301076,1909f56bfc062723c751e8b465ee728b)
Start importing Assets/Sprites/Goombas.png using Guid(4f20995a42a21a54693c7a5cb5480220) Importer(815301076,1909f56bfc062723c751e8b465ee728b)  -> (artifact id: '170780abfcb8c94e994a3bf4ca237ea4') in 0.029419 seconds 
  Import took 0.031399 seconds .

========================================================================
Received Import Request.
  Time since last request: 0.000177 seconds.
  path: Assets/Sprites/Tuberias.png
  artifactKey: Guid(692ca1e5c59b0054d9bc483f0f92f5b6) Importer(815301076,1909f56bfc062723c751e8b465ee728b)
Start importing Assets/Sprites/Tuberias.png using Guid(692ca1e5c59b0054d9bc483f0f92f5b6) Importer(815301076,1909f56bfc062723c751e8b465ee728b)  -> (artifact id: 'c1c2fdd08dda32df03e5c9ad0301c021') in 0.023956 seconds 
  Import took 0.041783 seconds .

========================================================================
Received Import Request.
  Time since last request: 0.000278 seconds.
  path: Assets/Sprites/Nuves.png
  artifactKey: Guid(f93f48d780742ed47950299950eeb7dd) Importer(815301076,1909f56bfc062723c751e8b465ee728b)
Start importing Assets/Sprites/Nuves.png using Guid(f93f48d780742ed47950299950eeb7dd) Importer(815301076,1909f56bfc062723c751e8b465ee728b)  -> (artifact id: '58396ce50a764366b92a3f84c1a47952') in 0.014828 seconds 
  Import took 0.016907 seconds .

========================================================================
Received Import Request.
  Time since last request: 0.000188 seconds.
  path: Assets/Sprites/Banderas.png
  artifactKey: Guid(46cdc8b8e14e6d943af1621ccc825cf0) Importer(815301076,1909f56bfc062723c751e8b465ee728b)
Start importing Assets/Sprites/Banderas.png using Guid(46cdc8b8e14e6d943af1621ccc825cf0) Importer(815301076,1909f56bfc062723c751e8b465ee728b)  -> (artifact id: '421ad2302fe455295b09c8a38c532d37') in 0.007883 seconds 
  Import took 0.010037 seconds .

========================================================================
Received Import Request.
  Time since last request: 0.000327 seconds.
  path: Assets/Sprites/Castillo.png
  artifactKey: Guid(9f20a4e4e6152bc4bb820efc87d6adf4) Importer(815301076,1909f56bfc062723c751e8b465ee728b)
Start importing Assets/Sprites/Castillo.png using Guid(9f20a4e4e6152bc4bb820efc87d6adf4) Importer(815301076,1909f56bfc062723c751e8b465ee728b)  -> (artifact id: '313e0754847d030282b553e73211af3d') in 0.011360 seconds 
  Import took 0.013837 seconds .

========================================================================
Received Import Request.
  Time since last request: 0.000202 seconds.
  path: Assets/Sprites/Cajas.png
  artifactKey: Guid(6072e439f2b40c7468ab180aa63c4aa4) Importer(815301076,1909f56bfc062723c751e8b465ee728b)
Start importing Assets/Sprites/Cajas.png using Guid(6072e439f2b40c7468ab180aa63c4aa4) Importer(815301076,1909f56bfc062723c751e8b465ee728b)  -> (artifact id: '0390e9c20835ef2c322fed73b748b9a6') in 0.018874 seconds 
  Import took 0.021164 seconds .

========================================================================
Received Import Request.
  Time since last request: 0.000212 seconds.
  path: Assets/Sprites/Ladrillos.png
  artifactKey: Guid(787bf63b1c8915e43ba6ecd53ca4944a) Importer(815301076,1909f56bfc062723c751e8b465ee728b)
Start importing Assets/Sprites/Ladrillos.png using Guid(787bf63b1c8915e43ba6ecd53ca4944a) Importer(815301076,1909f56bfc062723c751e8b465ee728b)  -> (artifact id: 'd83688a417729ef2fa98ad0bef717a33') in 0.035222 seconds 
  Import took 0.037700 seconds .

========================================================================
Received Import Request.
  Time since last request: 0.000184 seconds.
  path: Assets/Sprites/Montanas.png
  artifactKey: Guid(2e1c1b654de3dfb4fa908a0396e69f6c) Importer(815301076,1909f56bfc062723c751e8b465ee728b)
Start importing Assets/Sprites/Montanas.png using Guid(2e1c1b654de3dfb4fa908a0396e69f6c) Importer(815301076,1909f56bfc062723c751e8b465ee728b)  -> (artifact id: '9af991b62be4555ffde200bf8af96969') in 0.014047 seconds 
  Import took 0.016155 seconds .

AssetImportWorkerClient::OnTransportError - code=2 error=End of file
